[debug] ----------------------------------------------------------------------
[debug] Command:      /Users/naito/.nodebrew/node/v6.5.0/bin/node /Users/naito/.nodebrew/current/bin/firebase deploy
[debug] CLI Version:  3.0.7
[debug] Platform:     darwin
[debug] Node Version: v6.5.0
[debug] Time:         Wed Sep 14 2016 18:51:40 GMT+0900 (JST)
[debug] ----------------------------------------------------------------------
[debug] 
[debug] > command requires scopes: ["email","openid","https://www.googleapis.com/auth/cloudplatformprojects.readonly","https://www.googleapis.com/auth/firebase"]
[debug] >>> HTTP REQUEST GET https://admin.firebase.com/v1/projects/listenews-15101 
[debug] <<< HTTP RESPONSE 200
[debug] >>> HTTP REQUEST GET https://admin.firebase.com/v1/database/listenews-15101/tokens 
[debug] <<< HTTP RESPONSE 200
[info] 
[info] === Deploying to 'listenews-15101'...
[info] 
[info] i  deploying database, hosting
[info] ✔  database: rules ready to deploy.
[info] i  hosting: preparing public directory for upload...
[debug] >>> HTTP REQUEST PUT https://deploy.firebase.com/v1/hosting/listenews-15101/uploads/-KRc5zcvf3NVRxu8NLx7?fileCount=17&message= 
[debug] <<< HTTP RESPONSE 200
[info] ✔  hosting: public folder uploaded successfully
[info] ✔  hosting: 17 files uploaded successfully
[info] i  starting release process (may take several minutes)...
[debug] >>> HTTP REQUEST POST https://deploy.firebase.com/v1/projects/listenews-15101/releases
